L:\PROJETOS\RPGXP\RGSS POWERFUL PROTECTION\NOVO\RGSSPLAYEREX\DEBUG\GAME.EXE
L:\Projetos\RPGXP\RGSS Powerful Protection\Novo\RGSSPlayerEx\Debug\Game.exp
L:\PROJETOS\RPGXP\RGSS POWERFUL PROTECTION\NOVO\RGSSPLAYEREX\DEBUG\GAME.ILK
L:\Projetos\RPGXP\RGSS Powerful Protection\Novo\RGSSPlayerEx\Debug\Game.lib
L:\PROJETOS\RPGXP\RGSS POWERFUL PROTECTION\NOVO\RGSSPLAYEREX\DEBUG\GAME.PDB
L:\PROJETOS\RPGXP\RGSS POWERFUL PROTECTION\NOVO\RGSSPLAYEREX\GAME\DEBUG\GAME.RES
L:\PROJETOS\RPGXP\RGSS POWERFUL PROTECTION\NOVO\RGSSPLAYEREX\GAME\DEBUG\MAIN.OBJ
L:\PROJETOS\RPGXP\RGSS POWERFUL PROTECTION\NOVO\RGSSPLAYEREX\GAME\DEBUG\VC100.PDB
W:\PROJETOS\RPGXP\RGSS POWERFUL PROTECTION\NOVO\RGSSPLAYEREX\DEBUG\GAME.EXE
W:\Projetos\RPGXP\RGSS Powerful Protection\Novo\RGSSPlayerEx\Debug\Game.exp
W:\PROJETOS\RPGXP\RGSS POWERFUL PROTECTION\NOVO\RGSSPLAYEREX\DEBUG\GAME.ILK
W:\Projetos\RPGXP\RGSS Powerful Protection\Novo\RGSSPlayerEx\Debug\Game.lib
W:\PROJETOS\RPGXP\RGSS POWERFUL PROTECTION\NOVO\RGSSPLAYEREX\DEBUG\GAME.PDB
W:\PROJETOS\RPGXP\RGSS POWERFUL PROTECTION\NOVO\RGSSPLAYEREX\GAME\DEBUG\GAME.RES
W:\PROJETOS\RPGXP\RGSS POWERFUL PROTECTION\NOVO\RGSSPLAYEREX\GAME\DEBUG\MAIN.OBJ
W:\PROJETOS\RPGXP\RGSS POWERFUL PROTECTION\NOVO\RGSSPLAYEREX\GAME\DEBUG\VC100.PDB
Y:\PROJETOS\RPGXP\RGSS POWERFUL PROTECTION\NOVO\RGSSPLAYEREX\DEBUG\GAME.EXE
Y:\Projetos\RPGXP\RGSS Powerful Protection\Novo\RGSSPlayerEx\Debug\Game.exp
Y:\PROJETOS\RPGXP\RGSS POWERFUL PROTECTION\NOVO\RGSSPLAYEREX\DEBUG\GAME.ILK
Y:\Projetos\RPGXP\RGSS Powerful Protection\Novo\RGSSPlayerEx\Debug\Game.lib
Y:\PROJETOS\RPGXP\RGSS POWERFUL PROTECTION\NOVO\RGSSPLAYEREX\DEBUG\GAME.PDB
Y:\Projetos\RPGXP\RGSS Powerful Protection\Novo\RGSSPlayerEx\Game\Debug\cl.command.1.tlog
Y:\Projetos\RPGXP\RGSS Powerful Protection\Novo\RGSSPlayerEx\Game\Debug\CL.read.1.tlog
Y:\Projetos\RPGXP\RGSS Powerful Protection\Novo\RGSSPlayerEx\Game\Debug\CL.write.1.tlog
Y:\PROJETOS\RPGXP\RGSS POWERFUL PROTECTION\NOVO\RGSSPLAYEREX\GAME\DEBUG\GAME.RES
Y:\Projetos\RPGXP\RGSS Powerful Protection\Novo\RGSSPlayerEx\Game\Debug\Game.write.1.tlog
Y:\Projetos\RPGXP\RGSS Powerful Protection\Novo\RGSSPlayerEx\Game\Debug\link.4608.read.1.tlog
Y:\Projetos\RPGXP\RGSS Powerful Protection\Novo\RGSSPlayerEx\Game\Debug\link.4608.write.1.tlog
Y:\Projetos\RPGXP\RGSS Powerful Protection\Novo\RGSSPlayerEx\Game\Debug\link.4608-cvtres.read.1.tlog
Y:\Projetos\RPGXP\RGSS Powerful Protection\Novo\RGSSPlayerEx\Game\Debug\link.4608-cvtres.write.1.tlog
Y:\Projetos\RPGXP\RGSS Powerful Protection\Novo\RGSSPlayerEx\Game\Debug\link.4684.read.1.tlog
Y:\Projetos\RPGXP\RGSS Powerful Protection\Novo\RGSSPlayerEx\Game\Debug\link.4684.write.1.tlog
Y:\Projetos\RPGXP\RGSS Powerful Protection\Novo\RGSSPlayerEx\Game\Debug\link.4684-cvtres.read.1.tlog
Y:\Projetos\RPGXP\RGSS Powerful Protection\Novo\RGSSPlayerEx\Game\Debug\link.4684-cvtres.write.1.tlog
Y:\Projetos\RPGXP\RGSS Powerful Protection\Novo\RGSSPlayerEx\Game\Debug\link.command.1.tlog
Y:\Projetos\RPGXP\RGSS Powerful Protection\Novo\RGSSPlayerEx\Game\Debug\link.read.1.tlog
Y:\Projetos\RPGXP\RGSS Powerful Protection\Novo\RGSSPlayerEx\Game\Debug\link.write.1.tlog
Y:\Projetos\RPGXP\RGSS Powerful Protection\Novo\RGSSPlayerEx\Game\Debug\link-cvtres.read.1.tlog
Y:\Projetos\RPGXP\RGSS Powerful Protection\Novo\RGSSPlayerEx\Game\Debug\link-cvtres.write.1.tlog
Y:\PROJETOS\RPGXP\RGSS POWERFUL PROTECTION\NOVO\RGSSPLAYEREX\GAME\DEBUG\MAIN.OBJ
Y:\Projetos\RPGXP\RGSS Powerful Protection\Novo\RGSSPlayerEx\Game\Debug\rc.command.1.tlog
Y:\Projetos\RPGXP\RGSS Powerful Protection\Novo\RGSSPlayerEx\Game\Debug\rc.read.1.tlog
Y:\Projetos\RPGXP\RGSS Powerful Protection\Novo\RGSSPlayerEx\Game\Debug\rc.write.1.tlog
Y:\Projetos\RPGXP\RGSS Powerful Protection\Novo\RGSSPlayerEx\Game\Debug\vc100.idb
Y:\PROJETOS\RPGXP\RGSS POWERFUL PROTECTION\NOVO\RGSSPLAYEREX\GAME\DEBUG\VC100.PDB
