Build started 24/09/2011 11:10:06.
     1>Project "Y:\Projetos\RPGXP\RGSS Powerful Protection\Novo\RGSSPlayerEx\Game\Game.vcxproj" on node 2 (build target(s)).
     1>InitializeBuildStatus:
         Creating "Debug\Game.unsuccessfulbuild" because "AlwaysCreate" was specified.
       ClCompile:
         C:\Program Files\Microsoft Visual Studio\VC\bin\CL.exe /c /ZI /nologo /W3 /WX- /Od /Oy- /D WIN32 /D _DEBUG /D _WINDOWS /D _MBCS /Gm /EHsc /RTC1 /MTd /GS /fp:precise /Zc:wchar_t /Zc:forScope /Fo"Debug\\" /Fd"Debug\vc100.pdb" /Gd /TP /analyze- /errorReport:prompt main.cpp
         main.cpp
     1>y:\projetos\rpgxp\rgss powerful protection\novo\rgssplayerex\game\main.cpp(293): warning C4996: 'fopen': This function or variable may be unsafe. Consider using fopen_s instead. To disable deprecation, use _CRT_SECURE_NO_WARNINGS. See online help for details.
                 c:\program files\microsoft visual studio\vc\include\stdio.h(234) : see declaration of 'fopen'
       ResourceCompile:
         All outputs are up-to-date.
       Link:
         C:\Program Files\Microsoft Visual Studio\VC\bin\link.exe /ERRORREPORT:PROMPT /OUT:"Y:\Projetos\RPGXP\RGSS Powerful Protection\Novo\RGSSPlayerEx\Debug\Game.exe" /INCREMENTAL /NOLOGO kernel32.lib user32.lib gdi32.lib winspool.lib comdlg32.lib advapi32.lib shell32.lib ole32.lib oleaut32.lib uuid.lib odbc32.lib odbccp32.lib Psapi.lib kernel32.lib user32.lib gdi32.lib winspool.lib comdlg32.lib advapi32.lib shell32.lib ole32.lib oleaut32.lib uuid.lib odbc32.lib odbccp32.lib /MANIFEST:NO /DEBUG /PDB:"Y:\Projetos\RPGXP\RGSS Powerful Protection\Novo\RGSSPlayerEx\Debug\Game.pdb" /SUBSYSTEM:WINDOWS /TLBID:1 /DYNAMICBASE /NXCOMPAT /IMPLIB:"Y:\Projetos\RPGXP\RGSS Powerful Protection\Novo\RGSSPlayerEx\Debug\Game.lib" /MACHINE:X86 Debug\Game.res
         Debug\main.obj
            Creating library Y:\Projetos\RPGXP\RGSS Powerful Protection\Novo\RGSSPlayerEx\Debug\Game.lib and object Y:\Projetos\RPGXP\RGSS Powerful Protection\Novo\RGSSPlayerEx\Debug\Game.exp
         Game.vcxproj -> Y:\Projetos\RPGXP\RGSS Powerful Protection\Novo\RGSSPlayerEx\Debug\Game.exe
       FinalizeBuildStatus:
         Deleting file "Debug\Game.unsuccessfulbuild".
         Touching "Debug\Game.lastbuildstate".
     1>Done Building Project "Y:\Projetos\RPGXP\RGSS Powerful Protection\Novo\RGSSPlayerEx\Game\Game.vcxproj" (build target(s)).

Build succeeded.

Time Elapsed 00:00:06.88
