C:\Documents and Settings\x\Meus documentos\RPGXP\PeGames\PRCoders-GuitarHero\Data\Actors.rxdata done.

C:\Documents and Settings\x\Meus documentos\RPGXP\PeGames\PRCoders-GuitarHero\Data\Animations.rxdata done.

C:\Documents and Settings\x\Meus documentos\RPGXP\PeGames\PRCoders-GuitarHero\Data\Armors.rxdata done.

C:\Documents and Settings\x\Meus documentos\RPGXP\PeGames\PRCoders-GuitarHero\Data\Classes.rxdata done.

C:\Documents and Settings\x\Meus documentos\RPGXP\PeGames\PRCoders-GuitarHero\Data\CommonEvents.rxdata done.

C:\Documents and Settings\x\Meus documentos\RPGXP\PeGames\PRCoders-GuitarHero\Data\Enemies.rxdata done.

C:\Documents and Settings\x\Meus documentos\RPGXP\PeGames\PRCoders-GuitarHero\Data\Items.rxdata done.

C:\Documents and Settings\x\Meus documentos\RPGXP\PeGames\PRCoders-GuitarHero\Data\Map001.rxdata done.

C:\Documents and Settings\x\Meus documentos\RPGXP\PeGames\PRCoders-GuitarHero\Data\Map002.rxdata done.

C:\Documents and Settings\x\Meus documentos\RPGXP\PeGames\PRCoders-GuitarHero\Data\MapInfos.rxdata done.

C:\Documents and Settings\x\Meus documentos\RPGXP\PeGames\PRCoders-GuitarHero\Data\Scripts.rxdata done.

C:\Documents and Settings\x\Meus documentos\RPGXP\PeGames\PRCoders-GuitarHero\Data\Skills.rxdata done.

C:\Documents and Settings\x\Meus documentos\RPGXP\PeGames\PRCoders-GuitarHero\Data\States.rxdata done.

C:\Documents and Settings\x\Meus documentos\RPGXP\PeGames\PRCoders-GuitarHero\Data\System.rxdata done.

C:\Documents and Settings\x\Meus documentos\RPGXP\PeGames\PRCoders-GuitarHero\Data\Tilesets.rxdata done.

C:\Documents and Settings\x\Meus documentos\RPGXP\PeGames\PRCoders-GuitarHero\Data\Troops.rxdata done.

C:\Documents and Settings\x\Meus documentos\RPGXP\PeGames\PRCoders-GuitarHero\Data\Weapons.rxdata done.

C:\Documents and Settings\x\Meus documentos\RPGXP\PeGames\PRCoders-GuitarHero\Graphics\Guitars\Blue.png done.

C:\Documents and Settings\x\Meus documentos\RPGXP\PeGames\PRCoders-GuitarHero\Graphics\Guitars\BluePallete.png done.

C:\Documents and Settings\x\Meus documentos\RPGXP\PeGames\PRCoders-GuitarHero\Graphics\Guitars\BluePressed.png done.

C:\Documents and Settings\x\Meus documentos\RPGXP\PeGames\PRCoders-GuitarHero\Graphics\Guitars\Green.png done.

C:\Documents and Settings\x\Meus documentos\RPGXP\PeGames\PRCoders-GuitarHero\Graphics\Guitars\GreenPallete.png done.

C:\Documents and Settings\x\Meus documentos\RPGXP\PeGames\PRCoders-GuitarHero\Graphics\Guitars\GreenPressed.png done.

C:\Documents and Settings\x\Meus documentos\RPGXP\PeGames\PRCoders-GuitarHero\Graphics\Guitars\Lados.png done.

C:\Documents and Settings\x\Meus documentos\RPGXP\PeGames\PRCoders-GuitarHero\Graphics\Guitars\Lados2.png done.

C:\Documents and Settings\x\Meus documentos\RPGXP\PeGames\PRCoders-GuitarHero\Graphics\Guitars\Orange.png done.

C:\Documents and Settings\x\Meus documentos\RPGXP\PeGames\PRCoders-GuitarHero\Graphics\Guitars\OrangePallete.png done.

C:\Documents and Settings\x\Meus documentos\RPGXP\PeGames\PRCoders-GuitarHero\Graphics\Guitars\OrangePressed.png done.

C:\Documents and Settings\x\Meus documentos\RPGXP\PeGames\PRCoders-GuitarHero\Graphics\Guitars\pista1.png done.

C:\Documents and Settings\x\Meus documentos\RPGXP\PeGames\PRCoders-GuitarHero\Graphics\Guitars\pista2.png done.

C:\Documents and Settings\x\Meus documentos\RPGXP\PeGames\PRCoders-GuitarHero\Graphics\Guitars\pista3.png done.

C:\Documents and Settings\x\Meus documentos\RPGXP\PeGames\PRCoders-GuitarHero\Graphics\Guitars\pista4.png done.

C:\Documents and Settings\x\Meus documentos\RPGXP\PeGames\PRCoders-GuitarHero\Graphics\Guitars\pista5.png done.

C:\Documents and Settings\x\Meus documentos\RPGXP\PeGames\PRCoders-GuitarHero\Graphics\Guitars\pista6.png done.

C:\Documents and Settings\x\Meus documentos\RPGXP\PeGames\PRCoders-GuitarHero\Graphics\Guitars\pista7.png done.

C:\Documents and Settings\x\Meus documentos\RPGXP\PeGames\PRCoders-GuitarHero\Graphics\Guitars\pista8.png done.

C:\Documents and Settings\x\Meus documentos\RPGXP\PeGames\PRCoders-GuitarHero\Graphics\Guitars\Red.png done.

C:\Documents and Settings\x\Meus documentos\RPGXP\PeGames\PRCoders-GuitarHero\Graphics\Guitars\RedPallete.png done.

C:\Documents and Settings\x\Meus documentos\RPGXP\PeGames\PRCoders-GuitarHero\Graphics\Guitars\RedPressed.png done.

C:\Documents and Settings\x\Meus documentos\RPGXP\PeGames\PRCoders-GuitarHero\Graphics\Guitars\Yellow.png done.

C:\Documents and Settings\x\Meus documentos\RPGXP\PeGames\PRCoders-GuitarHero\Graphics\Guitars\YellowPallete.png done.

C:\Documents and Settings\x\Meus documentos\RPGXP\PeGames\PRCoders-GuitarHero\Graphics\Guitars\YellowPressed.png done.

C:\Documents and Settings\x\Meus documentos\RPGXP\PeGames\PRCoders-GuitarHero\Graphics\PRCoders\Glow1.png done.

C:\Documents and Settings\x\Meus documentos\RPGXP\PeGames\PRCoders-GuitarHero\Graphics\PRCoders\Glow1_Transition.png done.

C:\Documents and Settings\x\Meus documentos\RPGXP\PeGames\PRCoders-GuitarHero\Graphics\PRCoders\Glow2.png done.

C:\Documents and Settings\x\Meus documentos\RPGXP\PeGames\PRCoders-GuitarHero\Graphics\PRCoders\Glow2_Transition.png done.

C:\Documents and Settings\x\Meus documentos\RPGXP\PeGames\PRCoders-GuitarHero\Graphics\PRCoders\PRCoders.png done.

