Build started 09/10/2011 19:04:44.
     1>Project "C:\Users\PedroHLC\Documents\Visual Studio 2010\Projects\Input\Input\Input.vcxproj" on node 2 (build target(s)).
     1>PrepareForBuild:
         Creating directory "C:\Users\PedroHLC\Documents\Visual Studio 2010\Projects\Input\Debug\".
       InitializeBuildStatus:
         Creating "Debug\Input.unsuccessfulbuild" because "AlwaysCreate" was specified.
       ClCompile:
         C:\Program Files\Microsoft Visual Studio 10.0\VC\bin\CL.exe /c /ZI /nologo /W3 /WX- /Od /Oy- /D WIN32 /D _DEBUG /D _WINDOWS /D _USRDLL /D INPUT_EXPORTS /D _WINDLL /D _UNICODE /D UNICODE /Gm /EHsc /RTC1 /MDd /GS /fp:precise /Zc:wchar_t /Zc:forScope /Yc"StdAfx.h" /Fp"Debug\Input.pch" /Fo"Debug\\" /Fd"Debug\vc100.pdb" /Gd /TP /analyze- /errorReport:prompt stdafx.cpp
         stdafx.cpp
         C:\Program Files\Microsoft Visual Studio 10.0\VC\bin\CL.exe /c /ZI /nologo /W3 /WX- /Od /Oy- /D WIN32 /D _DEBUG /D _WINDOWS /D _USRDLL /D INPUT_EXPORTS /D _WINDLL /D _UNICODE /D UNICODE /Gm /EHsc /RTC1 /MDd /GS /fp:precise /Zc:wchar_t /Zc:forScope /Fo"Debug\\" /Fd"Debug\vc100.pdb" /Gd /TP /analyze- /errorReport:prompt dllmain.cpp
         dllmain.cpp
         C:\Program Files\Microsoft Visual Studio 10.0\VC\bin\CL.exe /c /ZI /nologo /W3 /WX- /Od /Oy- /D WIN32 /D _DEBUG /D _WINDOWS /D _USRDLL /D INPUT_EXPORTS /D _WINDLL /D _UNICODE /D UNICODE /Gm /EHsc /RTC1 /MDd /GS /fp:precise /Zc:wchar_t /Zc:forScope /Yu"StdAfx.h" /Fp"Debug\Input.pch" /Fo"Debug\\" /Fd"Debug\vc100.pdb" /Gd /TP /analyze- /errorReport:prompt Input.cpp
         Input.cpp
       ManifestResourceCompile:
         C:\Program Files\Microsoft SDKs\Windows\v7.0A\bin\rc.exe /nologo /fo"Debug\Input.dll.embed.manifest.res" Debug\Input_manifest.rc 
       Link:
         C:\Program Files\Microsoft Visual Studio 10.0\VC\bin\link.exe /ERRORREPORT:PROMPT /OUT:"C:\Users\PedroHLC\Documents\Visual Studio 2010\Projects\Input\Debug\Input.dll" /INCREMENTAL /NOLOGO kernel32.lib user32.lib winmm.lib /MANIFEST /ManifestFile:"Debug\Input.dll.intermediate.manifest" /MANIFESTUAC:"level='asInvoker' uiAccess='false'" /DEBUG /PDB:"C:\Users\PedroHLC\Documents\Visual Studio 2010\Projects\Input\Debug\Input.pdb" /SUBSYSTEM:WINDOWS /TLBID:1 /DYNAMICBASE /NXCOMPAT /IMPLIB:"C:\Users\PedroHLC\Documents\Visual Studio 2010\Projects\Input\Debug\Input.lib" /MACHINE:X86 /DLL Debug\Input.dll.embed.manifest.res
         Debug\dllmain.obj
         Debug\Input.obj
         Debug\stdafx.obj
            Creating library C:\Users\PedroHLC\Documents\Visual Studio 2010\Projects\Input\Debug\Input.lib and object C:\Users\PedroHLC\Documents\Visual Studio 2010\Projects\Input\Debug\Input.exp
       Manifest:
         C:\Program Files\Microsoft SDKs\Windows\v7.0A\bin\mt.exe /nologo /verbose /out:"Debug\Input.dll.embed.manifest" /manifest Debug\Input.dll.intermediate.manifest
         All outputs are up-to-date.
       LinkEmbedManifest:
         All outputs are up-to-date.
         Input.vcxproj -> C:\Users\PedroHLC\Documents\Visual Studio 2010\Projects\Input\Debug\Input.dll
       FinalizeBuildStatus:
         Deleting file "Debug\Input.unsuccessfulbuild".
         Touching "Debug\Input.lastbuildstate".
     1>Done Building Project "C:\Users\PedroHLC\Documents\Visual Studio 2010\Projects\Input\Input\Input.vcxproj" (build target(s)).

Build succeeded.

Time Elapsed 00:00:12
