Build started 15/04/2012 18:26:53.
     1>Project "L:\Projetos\Pluganet\Assistencia Remota Pluganet\PHLCServer\PHLCServer.vcxproj" on node 2 (build target(s)).
     1>InitializeBuildStatus:
         Creating "Release\PHLCServer.unsuccessfulbuild" because "AlwaysCreate" was specified.
       ClCompile:
         All outputs are up-to-date.
         c:\Program Files\Microsoft Visual Studio 10.0\VC\bin\CL.exe /c /I"C:\Program Files\MySQL\Connector C 6.0.2\include" /Zi /nologo /W3 /WX- /O2 /Oi /Oy- /GL /D WIN32 /D NDEBUG /D _CONSOLE /D _UNICODE /D UNICODE /Gm- /EHsc /MD /GS /Gy /fp:precise /Zc:wchar_t /Zc:forScope /Yu"StdAfx.h" /Fp"Release\PHLCServer.pch" /Fo"Release\\" /Fd"Release\vc100.pdb" /Gd /TP /analyze- /errorReport:prompt PHLCServer.cpp
         PHLCServer.cpp
     1>l:\projetos\pluganet\assistencia remota pluganet\phlcserver\simplemysql.hpp(42): warning C4996: 'strcpy': This function or variable may be unsafe. Consider using strcpy_s instead. To disable deprecation, use _CRT_SECURE_NO_WARNINGS. See online help for details.
                 c:\Program Files\Microsoft Visual Studio 10.0\VC\include\string.h(105) : see declaration of 'strcpy'
     1>l:\projetos\pluganet\assistencia remota pluganet\phlcserver\simplemysql.hpp(50): warning C4996: 'strcat': This function or variable may be unsafe. Consider using strcat_s instead. To disable deprecation, use _CRT_SECURE_NO_WARNINGS. See online help for details.
                 c:\Program Files\Microsoft Visual Studio 10.0\VC\include\string.h(110) : see declaration of 'strcat'
     1>l:\projetos\pluganet\assistencia remota pluganet\phlcserver\simplemysql.hpp(52): warning C4996: 'strcat': This function or variable may be unsafe. Consider using strcat_s instead. To disable deprecation, use _CRT_SECURE_NO_WARNINGS. See online help for details.
                 c:\Program Files\Microsoft Visual Studio 10.0\VC\include\string.h(110) : see declaration of 'strcat'
     1>l:\projetos\pluganet\assistencia remota pluganet\phlcserver\simplemysql.hpp(53): warning C4996: 'strcat': This function or variable may be unsafe. Consider using strcat_s instead. To disable deprecation, use _CRT_SECURE_NO_WARNINGS. See online help for details.
                 c:\Program Files\Microsoft Visual Studio 10.0\VC\include\string.h(110) : see declaration of 'strcat'
     1>l:\projetos\pluganet\assistencia remota pluganet\phlcserver\simplemysql.hpp(79): warning C4996: 'strncpy': This function or variable may be unsafe. Consider using strncpy_s instead. To disable deprecation, use _CRT_SECURE_NO_WARNINGS. See online help for details.
                 c:\Program Files\Microsoft Visual Studio 10.0\VC\include\string.h(188) : see declaration of 'strncpy'
     1>l:\projetos\pluganet\assistencia remota pluganet\phlcserver\client.cpp(97): warning C4996: 'strcpy': This function or variable may be unsafe. Consider using strcpy_s instead. To disable deprecation, use _CRT_SECURE_NO_WARNINGS. See online help for details.
                 c:\Program Files\Microsoft Visual Studio 10.0\VC\include\string.h(105) : see declaration of 'strcpy'
     1>l:\projetos\pluganet\assistencia remota pluganet\phlcserver\client.cpp(111): warning C4996: 'strcat': This function or variable may be unsafe. Consider using strcat_s instead. To disable deprecation, use _CRT_SECURE_NO_WARNINGS. See online help for details.
                 c:\Program Files\Microsoft Visual Studio 10.0\VC\include\string.h(110) : see declaration of 'strcat'
     1>l:\projetos\pluganet\assistencia remota pluganet\phlcserver\client.cpp(167): warning C4996: 'sscanf': This function or variable may be unsafe. Consider using sscanf_s instead. To disable deprecation, use _CRT_SECURE_NO_WARNINGS. See online help for details.
                 c:\Program Files\Microsoft Visual Studio 10.0\VC\include\stdio.h(325) : see declaration of 'sscanf'
     1>PHLCServer.cpp(68): warning C4996: 'vsprintf': This function or variable may be unsafe. Consider using vsprintf_s instead. To disable deprecation, use _CRT_SECURE_NO_WARNINGS. See online help for details.
                 c:\Program Files\Microsoft Visual Studio 10.0\VC\include\stdio.h(371) : see declaration of 'vsprintf'
       Link:
         c:\Program Files\Microsoft Visual Studio 10.0\VC\bin\link.exe /ERRORREPORT:PROMPT /OUT:"L:\Projetos\Pluganet\Assistencia Remota Pluganet\Release\PHLCServer.exe" /INCREMENTAL:NO /NOLOGO /LIBPATH:"C:\Program Files\MySQL\Connector C 6.0.2\lib\opt" ws2_32.lib libmysql.lib kernel32.lib user32.lib gdi32.lib winspool.lib comdlg32.lib advapi32.lib shell32.lib ole32.lib oleaut32.lib uuid.lib odbc32.lib odbccp32.lib /MANIFEST /ManifestFile:"Release\PHLCServer.exe.intermediate.manifest" /MANIFESTUAC:"level='asInvoker' uiAccess='false'" /DEBUG /PDB:"L:\Projetos\Pluganet\Assistencia Remota Pluganet\Release\PHLCServer.pdb" /SUBSYSTEM:CONSOLE /OPT:REF /OPT:ICF /LTCG /TLBID:1 /DYNAMICBASE /NXCOMPAT /IMPLIB:"L:\Projetos\Pluganet\Assistencia Remota Pluganet\Release\PHLCServer.lib" /MACHINE:X86 Release\PHLCServer.obj
         Release\stdafx.obj
         Generating code
         Finished generating code
         PHLCServer.vcxproj -> L:\Projetos\Pluganet\Assistencia Remota Pluganet\Release\PHLCServer.exe
       Manifest:
         C:\Program Files\Microsoft SDKs\Windows\v7.0A\bin\mt.exe /nologo /verbose /outputresource:"L:\Projetos\Pluganet\Assistencia Remota Pluganet\Release\PHLCServer.exe;#1" /manifest Release\PHLCServer.exe.intermediate.manifest
       FinalizeBuildStatus:
         Deleting file "Release\PHLCServer.unsuccessfulbuild".
         Touching "Release\PHLCServer.lastbuildstate".
     1>Done Building Project "L:\Projetos\Pluganet\Assistencia Remota Pluganet\PHLCServer\PHLCServer.vcxproj" (build target(s)).

Build succeeded.

Time Elapsed 00:00:07.87
