C:\USERS\PEDROHLC\DOCUMENTS\VISUAL STUDIO 2010\PROJECTS\RM SUSANO'O ENCRYPTER (CONSOLE VERSION)\DEBUG\RM SUSANO'O ENCRYPTER (CONSOLE VERSION).EXE
C:\USERS\PEDROHLC\DOCUMENTS\VISUAL STUDIO 2010\PROJECTS\RM SUSANO'O ENCRYPTER (CONSOLE VERSION)\DEBUG\RM SUSANO'O ENCRYPTER (CONSOLE VERSION).ILK
C:\USERS\PEDROHLC\DOCUMENTS\VISUAL STUDIO 2010\PROJECTS\RM SUSANO'O ENCRYPTER (CONSOLE VERSION)\DEBUG\RM SUSANO'O ENCRYPTER (CONSOLE VERSION).PDB
C:\Users\PedroHLC\Documents\Visual Studio 2010\Projects\RM Susano'o Encrypter (Console Version)\RM Susano'o Encrypter (Console Version)\Debug\cl.command.1.tlog
C:\Users\PedroHLC\Documents\Visual Studio 2010\Projects\RM Susano'o Encrypter (Console Version)\RM Susano'o Encrypter (Console Version)\Debug\CL.read.1.tlog
C:\Users\PedroHLC\Documents\Visual Studio 2010\Projects\RM Susano'o Encrypter (Console Version)\RM Susano'o Encrypter (Console Version)\Debug\CL.write.1.tlog
C:\Users\PedroHLC\Documents\Visual Studio 2010\Projects\RM Susano'o Encrypter (Console Version)\RM Susano'o Encrypter (Console Version)\Debug\link.5460.read.1.tlog
C:\Users\PedroHLC\Documents\Visual Studio 2010\Projects\RM Susano'o Encrypter (Console Version)\RM Susano'o Encrypter (Console Version)\Debug\link.5460.write.1.tlog
C:\Users\PedroHLC\Documents\Visual Studio 2010\Projects\RM Susano'o Encrypter (Console Version)\RM Susano'o Encrypter (Console Version)\Debug\link.5460-cvtres.read.1.tlog
C:\Users\PedroHLC\Documents\Visual Studio 2010\Projects\RM Susano'o Encrypter (Console Version)\RM Susano'o Encrypter (Console Version)\Debug\link.5460-cvtres.write.1.tlog
C:\Users\PedroHLC\Documents\Visual Studio 2010\Projects\RM Susano'o Encrypter (Console Version)\RM Susano'o Encrypter (Console Version)\Debug\link.command.1.tlog
C:\Users\PedroHLC\Documents\Visual Studio 2010\Projects\RM Susano'o Encrypter (Console Version)\RM Susano'o Encrypter (Console Version)\Debug\link.read.1.tlog
C:\Users\PedroHLC\Documents\Visual Studio 2010\Projects\RM Susano'o Encrypter (Console Version)\RM Susano'o Encrypter (Console Version)\Debug\link.write.1.tlog
C:\Users\PedroHLC\Documents\Visual Studio 2010\Projects\RM Susano'o Encrypter (Console Version)\RM Susano'o Encrypter (Console Version)\Debug\link-cvtres.read.1.tlog
C:\Users\PedroHLC\Documents\Visual Studio 2010\Projects\RM Susano'o Encrypter (Console Version)\RM Susano'o Encrypter (Console Version)\Debug\link-cvtres.write.1.tlog
C:\Users\PedroHLC\Documents\Visual Studio 2010\Projects\RM Susano'o Encrypter (Console Version)\RM Susano'o Encrypter (Console Version)\Debug\mt.command.1.tlog
C:\Users\PedroHLC\Documents\Visual Studio 2010\Projects\RM Susano'o Encrypter (Console Version)\RM Susano'o Encrypter (Console Version)\Debug\mt.read.1.tlog
C:\Users\PedroHLC\Documents\Visual Studio 2010\Projects\RM Susano'o Encrypter (Console Version)\RM Susano'o Encrypter (Console Version)\Debug\mt.write.1.tlog
C:\Users\PedroHLC\Documents\Visual Studio 2010\Projects\RM Susano'o Encrypter (Console Version)\RM Susano'o Encrypter (Console Version)\Debug\rc.command.1.tlog
C:\Users\PedroHLC\Documents\Visual Studio 2010\Projects\RM Susano'o Encrypter (Console Version)\RM Susano'o Encrypter (Console Version)\Debug\rc.read.1.tlog
C:\Users\PedroHLC\Documents\Visual Studio 2010\Projects\RM Susano'o Encrypter (Console Version)\RM Susano'o Encrypter (Console Version)\Debug\rc.write.1.tlog
C:\USERS\PEDROHLC\DOCUMENTS\VISUAL STUDIO 2010\PROJECTS\RM SUSANO'O ENCRYPTER (CONSOLE VERSION)\RM SUSANO'O ENCRYPTER (CONSOLE VERSION)\DEBUG\RM SUSANO'O ENCRYPTER (CONSOLE VERSION).EXE.EMBED.MANIFEST
C:\USERS\PEDROHLC\DOCUMENTS\VISUAL STUDIO 2010\PROJECTS\RM SUSANO'O ENCRYPTER (CONSOLE VERSION)\RM SUSANO'O ENCRYPTER (CONSOLE VERSION)\DEBUG\RM SUSANO'O ENCRYPTER (CONSOLE VERSION).EXE.EMBED.MANIFEST.RES
C:\USERS\PEDROHLC\DOCUMENTS\VISUAL STUDIO 2010\PROJECTS\RM SUSANO'O ENCRYPTER (CONSOLE VERSION)\RM SUSANO'O ENCRYPTER (CONSOLE VERSION)\DEBUG\RM SUSANO'O ENCRYPTER (CONSOLE VERSION).EXE.INTERMEDIATE.MANIFEST
C:\USERS\PEDROHLC\DOCUMENTS\VISUAL STUDIO 2010\PROJECTS\RM SUSANO'O ENCRYPTER (CONSOLE VERSION)\RM SUSANO'O ENCRYPTER (CONSOLE VERSION)\DEBUG\RM SUSANO'O ENCRYPTER (CONSOLE VERSION).OBJ
C:\USERS\PEDROHLC\DOCUMENTS\VISUAL STUDIO 2010\PROJECTS\RM SUSANO'O ENCRYPTER (CONSOLE VERSION)\RM SUSANO'O ENCRYPTER (CONSOLE VERSION)\DEBUG\RM SUSANO'O ENCRYPTER (CONSOLE VERSION).PCH
C:\Users\PedroHLC\Documents\Visual Studio 2010\Projects\RM Susano'o Encrypter (Console Version)\RM Susano'o Encrypter (Console Version)\Debug\RM Susano'o Encrypter (Console Version)_manifest.rc
C:\USERS\PEDROHLC\DOCUMENTS\VISUAL STUDIO 2010\PROJECTS\RM SUSANO'O ENCRYPTER (CONSOLE VERSION)\RM SUSANO'O ENCRYPTER (CONSOLE VERSION)\DEBUG\STDAFX.OBJ
C:\Users\PedroHLC\Documents\Visual Studio 2010\Projects\RM Susano'o Encrypter (Console Version)\RM Susano'o Encrypter (Console Version)\Debug\vc100.idb
C:\USERS\PEDROHLC\DOCUMENTS\VISUAL STUDIO 2010\PROJECTS\RM SUSANO'O ENCRYPTER (CONSOLE VERSION)\RM SUSANO'O ENCRYPTER (CONSOLE VERSION)\DEBUG\VC100.PDB
