C:\USERS\PEDROHLC\DOCUMENTS\VISUAL STUDIO 2010\PROJECTS\PHLCSERVER\DEBUG\PHLCSERVER.EXE
C:\Users\PedroHLC\Documents\Visual Studio 2010\Projects\PHLCServer\Debug\PHLCServer.exe.CodeAnalysisLog.xml
C:\Users\PedroHLC\Documents\Visual Studio 2010\Projects\PHLCServer\Debug\PHLCServer.exe.lastcodeanalysissucceeded
C:\USERS\PEDROHLC\DOCUMENTS\VISUAL STUDIO 2010\PROJECTS\PHLCSERVER\DEBUG\PHLCSERVER.ILK
C:\USERS\PEDROHLC\DOCUMENTS\VISUAL STUDIO 2010\PROJECTS\PHLCSERVER\DEBUG\PHLCSERVER.PDB
C:\Users\PedroHLC\Documents\Visual Studio 2010\Projects\PHLCServer\PHLCServer\Debug\cl.command.1.tlog
C:\Users\PedroHLC\Documents\Visual Studio 2010\Projects\PHLCServer\PHLCServer\Debug\CL.read.1.tlog
C:\Users\PedroHLC\Documents\Visual Studio 2010\Projects\PHLCServer\PHLCServer\Debug\CL.write.1.tlog
C:\Users\PedroHLC\Documents\Visual Studio 2010\Projects\PHLCServer\PHLCServer\Debug\link.2012.read.1.tlog
C:\Users\PedroHLC\Documents\Visual Studio 2010\Projects\PHLCServer\PHLCServer\Debug\link.2012.write.1.tlog
C:\Users\PedroHLC\Documents\Visual Studio 2010\Projects\PHLCServer\PHLCServer\Debug\link.2012-cvtres.read.1.tlog
C:\Users\PedroHLC\Documents\Visual Studio 2010\Projects\PHLCServer\PHLCServer\Debug\link.2012-cvtres.write.1.tlog
C:\Users\PedroHLC\Documents\Visual Studio 2010\Projects\PHLCServer\PHLCServer\Debug\link.2264.read.1.tlog
C:\Users\PedroHLC\Documents\Visual Studio 2010\Projects\PHLCServer\PHLCServer\Debug\link.2264.write.1.tlog
C:\Users\PedroHLC\Documents\Visual Studio 2010\Projects\PHLCServer\PHLCServer\Debug\link.2264-cvtres.read.1.tlog
C:\Users\PedroHLC\Documents\Visual Studio 2010\Projects\PHLCServer\PHLCServer\Debug\link.2264-cvtres.write.1.tlog
C:\Users\PedroHLC\Documents\Visual Studio 2010\Projects\PHLCServer\PHLCServer\Debug\link.3340.read.1.tlog
C:\Users\PedroHLC\Documents\Visual Studio 2010\Projects\PHLCServer\PHLCServer\Debug\link.3340.write.1.tlog
C:\Users\PedroHLC\Documents\Visual Studio 2010\Projects\PHLCServer\PHLCServer\Debug\link.3340-cvtres.read.1.tlog
C:\Users\PedroHLC\Documents\Visual Studio 2010\Projects\PHLCServer\PHLCServer\Debug\link.3340-cvtres.write.1.tlog
C:\Users\PedroHLC\Documents\Visual Studio 2010\Projects\PHLCServer\PHLCServer\Debug\link.4020.read.1.tlog
C:\Users\PedroHLC\Documents\Visual Studio 2010\Projects\PHLCServer\PHLCServer\Debug\link.4020.write.1.tlog
C:\Users\PedroHLC\Documents\Visual Studio 2010\Projects\PHLCServer\PHLCServer\Debug\link.4020-cvtres.read.1.tlog
C:\Users\PedroHLC\Documents\Visual Studio 2010\Projects\PHLCServer\PHLCServer\Debug\link.4020-cvtres.write.1.tlog
C:\Users\PedroHLC\Documents\Visual Studio 2010\Projects\PHLCServer\PHLCServer\Debug\link.5408.read.1.tlog
C:\Users\PedroHLC\Documents\Visual Studio 2010\Projects\PHLCServer\PHLCServer\Debug\link.5408.write.1.tlog
C:\Users\PedroHLC\Documents\Visual Studio 2010\Projects\PHLCServer\PHLCServer\Debug\link.5408-cvtres.read.1.tlog
C:\Users\PedroHLC\Documents\Visual Studio 2010\Projects\PHLCServer\PHLCServer\Debug\link.5408-cvtres.write.1.tlog
C:\Users\PedroHLC\Documents\Visual Studio 2010\Projects\PHLCServer\PHLCServer\Debug\link.5948.read.1.tlog
C:\Users\PedroHLC\Documents\Visual Studio 2010\Projects\PHLCServer\PHLCServer\Debug\link.5948.write.1.tlog
C:\Users\PedroHLC\Documents\Visual Studio 2010\Projects\PHLCServer\PHLCServer\Debug\link.5948-cvtres.read.1.tlog
C:\Users\PedroHLC\Documents\Visual Studio 2010\Projects\PHLCServer\PHLCServer\Debug\link.5948-cvtres.write.1.tlog
C:\Users\PedroHLC\Documents\Visual Studio 2010\Projects\PHLCServer\PHLCServer\Debug\link.5956.read.1.tlog
C:\Users\PedroHLC\Documents\Visual Studio 2010\Projects\PHLCServer\PHLCServer\Debug\link.5956.write.1.tlog
C:\Users\PedroHLC\Documents\Visual Studio 2010\Projects\PHLCServer\PHLCServer\Debug\link.5956-cvtres.read.1.tlog
C:\Users\PedroHLC\Documents\Visual Studio 2010\Projects\PHLCServer\PHLCServer\Debug\link.5956-cvtres.write.1.tlog
C:\Users\PedroHLC\Documents\Visual Studio 2010\Projects\PHLCServer\PHLCServer\Debug\link.command.1.tlog
C:\Users\PedroHLC\Documents\Visual Studio 2010\Projects\PHLCServer\PHLCServer\Debug\link.read.1.tlog
C:\Users\PedroHLC\Documents\Visual Studio 2010\Projects\PHLCServer\PHLCServer\Debug\link.write.1.tlog
C:\Users\PedroHLC\Documents\Visual Studio 2010\Projects\PHLCServer\PHLCServer\Debug\link-cvtres.read.1.tlog
C:\Users\PedroHLC\Documents\Visual Studio 2010\Projects\PHLCServer\PHLCServer\Debug\link-cvtres.write.1.tlog
C:\Users\PedroHLC\Documents\Visual Studio 2010\Projects\PHLCServer\PHLCServer\Debug\mt.command.1.tlog
C:\Users\PedroHLC\Documents\Visual Studio 2010\Projects\PHLCServer\PHLCServer\Debug\mt.read.1.tlog
C:\Users\PedroHLC\Documents\Visual Studio 2010\Projects\PHLCServer\PHLCServer\Debug\mt.write.1.tlog
C:\USERS\PEDROHLC\DOCUMENTS\VISUAL STUDIO 2010\PROJECTS\PHLCSERVER\PHLCSERVER\DEBUG\PHLCSERVER.EXE.EMBED.MANIFEST
C:\USERS\PEDROHLC\DOCUMENTS\VISUAL STUDIO 2010\PROJECTS\PHLCSERVER\PHLCSERVER\DEBUG\PHLCSERVER.EXE.EMBED.MANIFEST.RES
C:\USERS\PEDROHLC\DOCUMENTS\VISUAL STUDIO 2010\PROJECTS\PHLCSERVER\PHLCSERVER\DEBUG\PHLCSERVER.EXE.INTERMEDIATE.MANIFEST
C:\USERS\PEDROHLC\DOCUMENTS\VISUAL STUDIO 2010\PROJECTS\PHLCSERVER\PHLCSERVER\DEBUG\PHLCSERVER.OBJ
C:\USERS\PEDROHLC\DOCUMENTS\VISUAL STUDIO 2010\PROJECTS\PHLCSERVER\PHLCSERVER\DEBUG\PHLCSERVER.PCH
C:\USERS\PEDROHLC\DOCUMENTS\VISUAL STUDIO 2010\PROJECTS\PHLCSERVER\PHLCSERVER\DEBUG\PHLCSERVER.PCHAST
C:\Users\PedroHLC\Documents\Visual Studio 2010\Projects\PHLCServer\PHLCServer\Debug\PHLCServer_manifest.rc
C:\Users\PedroHLC\Documents\Visual Studio 2010\Projects\PHLCServer\PHLCServer\Debug\rc.command.1.tlog
C:\Users\PedroHLC\Documents\Visual Studio 2010\Projects\PHLCServer\PHLCServer\Debug\rc.read.1.tlog
C:\Users\PedroHLC\Documents\Visual Studio 2010\Projects\PHLCServer\PHLCServer\Debug\rc.write.1.tlog
C:\USERS\PEDROHLC\DOCUMENTS\VISUAL STUDIO 2010\PROJECTS\PHLCSERVER\PHLCSERVER\DEBUG\STDAFX.OBJ
C:\Users\PedroHLC\Documents\Visual Studio 2010\Projects\PHLCServer\PHLCServer\Debug\vc100.idb
C:\USERS\PEDROHLC\DOCUMENTS\VISUAL STUDIO 2010\PROJECTS\PHLCSERVER\PHLCSERVER\DEBUG\VC100.PDB
C:\USERS\PEDROHLC\DOCUMENTS\VISUAL STUDIO 2010\PROJECTS\PHLCSERVER\PHLCSERVER\PHLCSERVER.ASM
C:\USERS\PEDROHLC\DOCUMENTS\VISUAL STUDIO 2010\PROJECTS\PHLCSERVER\PHLCSERVER\STDAFX.ASM
