L:\PROJETOS\PLUGANET\ASSISTENCIA REMOTA PLUGANET\ASSISTENCIA PLUGANET CLIENT\RELEASE\.NETFRAMEWORK,VERSION=V4.0.ASSEMBLYATTRIBUTES.OBJ
L:\PROJETOS\PLUGANET\ASSISTENCIA REMOTA PLUGANET\ASSISTENCIA PLUGANET CLIENT\RELEASE\APP.RES
L:\PROJETOS\PLUGANET\ASSISTENCIA REMOTA PLUGANET\ASSISTENCIA PLUGANET CLIENT\RELEASE\ASSEMBLYINFO.OBJ
L:\PROJETOS\PLUGANET\ASSISTENCIA REMOTA PLUGANET\ASSISTENCIA PLUGANET CLIENT\RELEASE\ASSISTENCIA PLUGANET CLIENT.EXE.INTERMEDIATE.MANIFEST
L:\Projetos\Pluganet\Assistencia Remota Pluganet\Assistencia Pluganet Client\Release\Assistencia Pluganet Client.pch
L:\Projetos\Pluganet\Assistencia Remota Pluganet\Assistencia Pluganet Client\Release\Assistencia Pluganet Client.write.1.tlog
L:\PROJETOS\PLUGANET\ASSISTENCIA REMOTA PLUGANET\ASSISTENCIA PLUGANET CLIENT\RELEASE\ASSISTENCIA REMOTA PLUGANET.OBJ
L:\PROJETOS\PLUGANET\ASSISTENCIA REMOTA PLUGANET\ASSISTENCIA PLUGANET CLIENT\RELEASE\ASSISTENCIAPLUGANETCLIENTE.GO.RESOURCES
L:\Projetos\Pluganet\Assistencia Remota Pluganet\Assistencia Pluganet Client\Release\cl.command.1.tlog
L:\Projetos\Pluganet\Assistencia Remota Pluganet\Assistencia Pluganet Client\Release\CL.read.1.tlog
L:\Projetos\Pluganet\Assistencia Remota Pluganet\Assistencia Pluganet Client\Release\CL.write.1.tlog
L:\Projetos\Pluganet\Assistencia Remota Pluganet\Assistencia Pluganet Client\Release\GenerateResource.read.279.tlog
L:\Projetos\Pluganet\Assistencia Remota Pluganet\Assistencia Pluganet Client\Release\GenerateResource.read.44.tlog
L:\Projetos\Pluganet\Assistencia Remota Pluganet\Assistencia Pluganet Client\Release\GenerateResource.write.279.tlog
L:\Projetos\Pluganet\Assistencia Remota Pluganet\Assistencia Pluganet Client\Release\GenerateResource.write.44.tlog
L:\Projetos\Pluganet\Assistencia Remota Pluganet\Assistencia Pluganet Client\Release\link.command.1.tlog
L:\Projetos\Pluganet\Assistencia Remota Pluganet\Assistencia Pluganet Client\Release\link.read.1.tlog
L:\Projetos\Pluganet\Assistencia Remota Pluganet\Assistencia Pluganet Client\Release\link.write.1.tlog
L:\Projetos\Pluganet\Assistencia Remota Pluganet\Assistencia Pluganet Client\Release\link-cvtres.read.1.tlog
L:\Projetos\Pluganet\Assistencia Remota Pluganet\Assistencia Pluganet Client\Release\link-cvtres.write.1.tlog
L:\Projetos\Pluganet\Assistencia Remota Pluganet\Assistencia Pluganet Client\Release\mt.command.1.tlog
L:\Projetos\Pluganet\Assistencia Remota Pluganet\Assistencia Pluganet Client\Release\mt.read.1.tlog
L:\Projetos\Pluganet\Assistencia Remota Pluganet\Assistencia Pluganet Client\Release\mt.write.1.tlog
L:\Projetos\Pluganet\Assistencia Remota Pluganet\Assistencia Pluganet Client\Release\rc.command.1.tlog
L:\Projetos\Pluganet\Assistencia Remota Pluganet\Assistencia Pluganet Client\Release\rc.read.1.tlog
L:\Projetos\Pluganet\Assistencia Remota Pluganet\Assistencia Pluganet Client\Release\rc.write.1.tlog
L:\Projetos\Pluganet\Assistencia Remota Pluganet\Assistencia Pluganet Client\Release\stdafx.obj
L:\PROJETOS\PLUGANET\ASSISTENCIA REMOTA PLUGANET\ASSISTENCIA PLUGANET CLIENT\RELEASE\VC100.PDB
L:\PROJETOS\PLUGANET\ASSISTENCIA REMOTA PLUGANET\RELEASE\ASSISTENCIA PLUGANET CLIENT.EXE
L:\PROJETOS\PLUGANET\ASSISTENCIA REMOTA PLUGANET\RELEASE\ASSISTENCIA PLUGANET CLIENT.PDB
