Build started 15/04/2012 18:29:31.
     1>Project "L:\Projetos\Pluganet\Assistencia Remota Pluganet\Assistencia Pluganet Client\Assistencia Remota Pluganet.vcxproj" on node 3 (build target(s)).
     1>InitializeBuildStatus:
         Creating "Release\Assistencia Pluganet Client.unsuccessfulbuild" because "AlwaysCreate" was specified.
       GenerateTargetFrameworkMonikerAttribute:
       Skipping target "GenerateTargetFrameworkMonikerAttribute" because all output files are up-to-date with respect to the input files.
       ClCompile:
         c:\Program Files\Microsoft Visual Studio 10.0\VC\bin\CL.exe /c /AI"C:\Program Files\Reference Assemblies\Microsoft\Framework\.NETFramework\v4.0" /Zi /clr:pure /nologo /W3 /WX- /O2 /Oy- /D WIN32 /D NDEBUG /D _UNICODE /D UNICODE /EHa /MD /GS /fp:precise /Zc:wchar_t /Zc:forScope /Yc"StdAfx.h" /Fp"Release\Assistencia Pluganet Client.pch" /Fo"Release\\" /Fd"Release\vc100.pdb" /TP /FU"C:\Program Files\Reference Assemblies\Microsoft\Framework\.NETFramework\v4.0\System.Core.dll" /FU"C:\Program Files\Reference Assemblies\Microsoft\Framework\.NETFramework\v4.0\System.Data.dll" /FU"C:\Program Files\Reference Assemblies\Microsoft\Framework\.NETFramework\v4.0\System.dll" /FU"C:\Program Files\Reference Assemblies\Microsoft\Framework\.NETFramework\v4.0\System.Drawing.dll" /FU"C:\Program Files\Reference Assemblies\Microsoft\Framework\.NETFramework\v4.0\System.Windows.Forms.dll" /FU"C:\Program Files\Reference Assemblies\Microsoft\Framework\.NETFramework\v4.0\System.Xml.dll" /analyze- /errorReport:prompt AssemblyInfo.cpp "Assistencia Remota Pluganet.cpp" stdafx.cpp /clr:nostdlib 
         AssemblyInfo.cpp
         Assistencia Remota Pluganet.cpp
     1>l:\projetos\pluganet\assistencia remota pluganet\assistencia pluganet client\md5.h(321): warning C4996: 'sprintf': This function or variable may be unsafe. Consider using sprintf_s instead. To disable deprecation, use _CRT_SECURE_NO_WARNINGS. See online help for details.
                 c:\Program Files\Microsoft Visual Studio 10.0\VC\include\Stdio.h(371) : see declaration of 'sprintf'
     1>l:\projetos\pluganet\assistencia remota pluganet\assistencia pluganet client\md5.h(344): warning C4996: 'fopen': This function or variable may be unsafe. Consider using fopen_s instead. To disable deprecation, use _CRT_SECURE_NO_WARNINGS. See online help for details.
                 c:\Program Files\Microsoft Visual Studio 10.0\VC\include\Stdio.h(234) : see declaration of 'fopen'
     1>l:\projetos\pluganet\assistencia remota pluganet\assistencia pluganet client\mainconn.h(98): warning C4996: 'sprintf': This function or variable may be unsafe. Consider using sprintf_s instead. To disable deprecation, use _CRT_SECURE_NO_WARNINGS. See online help for details.
                 c:\Program Files\Microsoft Visual Studio 10.0\VC\include\Stdio.h(371) : see declaration of 'sprintf'
     1>l:\projetos\pluganet\assistencia remota pluganet\assistencia pluganet client\go.h(223): warning C4996: 'sscanf': This function or variable may be unsafe. Consider using sscanf_s instead. To disable deprecation, use _CRT_SECURE_NO_WARNINGS. See online help for details.
                 c:\Program Files\Microsoft Visual Studio 10.0\VC\include\Stdio.h(325) : see declaration of 'sscanf'
     1>l:\projetos\pluganet\assistencia remota pluganet\assistencia pluganet client\go.h(244): warning C4996: 'sscanf': This function or variable may be unsafe. Consider using sscanf_s instead. To disable deprecation, use _CRT_SECURE_NO_WARNINGS. See online help for details.
                 c:\Program Files\Microsoft Visual Studio 10.0\VC\include\Stdio.h(325) : see declaration of 'sscanf'
     1>l:\projetos\pluganet\assistencia remota pluganet\assistencia pluganet client\go.h(252): warning C4996: 'sscanf': This function or variable may be unsafe. Consider using sscanf_s instead. To disable deprecation, use _CRT_SECURE_NO_WARNINGS. See online help for details.
                 c:\Program Files\Microsoft Visual Studio 10.0\VC\include\Stdio.h(325) : see declaration of 'sscanf'
     1>l:\projetos\pluganet\assistencia remota pluganet\assistencia pluganet client\login.h(241): warning C4996: 'sscanf': This function or variable may be unsafe. Consider using sscanf_s instead. To disable deprecation, use _CRT_SECURE_NO_WARNINGS. See online help for details.
                 c:\Program Files\Microsoft Visual Studio 10.0\VC\include\Stdio.h(325) : see declaration of 'sscanf'
         stdafx.cpp
         All outputs are up-to-date.
       CoreResGen:
         All outputs are up-to-date.
       ResourceCompile:
         All outputs are up-to-date.
       Link:
         c:\Program Files\Microsoft Visual Studio 10.0\VC\bin\link.exe /ERRORREPORT:PROMPT /OUT:"L:\Projetos\Pluganet\Assistencia Remota Pluganet\Release\Assistencia Pluganet Client.exe" /INCREMENTAL:NO /NOLOGO ws2_32.lib kernel32.lib user32.lib gdi32.lib winspool.lib comdlg32.lib advapi32.lib shell32.lib ole32.lib oleaut32.lib uuid.lib odbc32.lib odbccp32.lib /ASSEMBLYRESOURCE:Release\AssistenciaPluganetCliente.go.resources /MANIFEST /ManifestFile:"Release\Assistencia Pluganet Client.exe.intermediate.manifest" /MANIFESTUAC:"level='asInvoker' uiAccess='false'" /DEBUG /PDB:"L:\Projetos\Pluganet\Assistencia Remota Pluganet\Release\Assistencia Pluganet Client.pdb" /SUBSYSTEM:WINDOWS /TLBID:1 /ENTRY:"main" /DYNAMICBASE /FIXED:NO /NXCOMPAT /MACHINE:X86 Release\app.res
         Release\AssemblyInfo.obj
         "Release\Assistencia Remota Pluganet.obj"
         Release\stdafx.obj
         "Release\.NETFramework,Version=v4.0.AssemblyAttributes.obj"
         Assistencia Remota Pluganet.vcxproj -> L:\Projetos\Pluganet\Assistencia Remota Pluganet\Release\Assistencia Pluganet Client.exe
       Manifest:
         C:\Program Files\Microsoft SDKs\Windows\v7.0A\bin\mt.exe /nologo /verbose /outputresource:"L:\Projetos\Pluganet\Assistencia Remota Pluganet\Release\Assistencia Pluganet Client.exe;#1" /manifest "Release\Assistencia Pluganet Client.exe.intermediate.manifest"
       FinalizeBuildStatus:
         Deleting file "Release\Assistencia Pluganet Client.unsuccessfulbuild".
         Touching "Release\Assistencia Pluganet Client.lastbuildstate".
     1>Done Building Project "L:\Projetos\Pluganet\Assistencia Remota Pluganet\Assistencia Pluganet Client\Assistencia Remota Pluganet.vcxproj" (build target(s)).

Build succeeded.

Time Elapsed 00:00:25.82
